Using pre-set license
Built from '6000.0/staging' branch; Version is '6000.0.26f1 (ccb7c73d2c02) revision 13416391'; Using compiler version '193933523'; Build Type 'Release'
OS: 'Windows 11  (10.0.22631) 64bit Professional' Language: 'en' Physical Memory: 16309 MB
BatchMode: 1, IsHumanControllingUs: 0, StartBugReporterOnCrash: 0, Is64bit: 1, IsPro: 1

COMMAND LINE ARGUMENTS:
D:\6000.0.26f1\Editor\Unity.exe
-adb2
-batchMode
-noUpm
-name
AssetImportWorker0
-projectPath
D:/Praktek
-logFile
Logs/AssetImportWorker0.log
-srvPort
51437
-job-worker-count
5
-background-job-worker-count
8
-asset-garbage-collectors
1
Successfully changed project path to: D:/Praktek
D:/Praktek
[UnityMemory] Configuration Parameters - Can be set up in boot.config
    "memorysetup-bucket-allocator-granularity=16"
    "memorysetup-bucket-allocator-bucket-count=8"
    "memorysetup-bucket-allocator-block-size=33554432"
    "memorysetup-bucket-allocator-block-count=8"
    "memorysetup-main-allocator-block-size=16777216"
    "memorysetup-thread-allocator-block-size=16777216"
    "memorysetup-gfx-main-allocator-block-size=16777216"
    "memorysetup-gfx-thread-allocator-block-size=16777216"
    "memorysetup-cache-allocator-block-size=4194304"
    "memorysetup-typetree-allocator-block-size=2097152"
    "memorysetup-profiler-bucket-allocator-granularity=16"
    "memorysetup-profiler-bucket-allocator-bucket-count=8"
    "memorysetup-profiler-bucket-allocator-block-size=33554432"
    "memorysetup-profiler-bucket-allocator-block-count=8"
    "memorysetup-profiler-allocator-block-size=16777216"
    "memorysetup-profiler-editor-allocator-block-size=1048576"
    "memorysetup-temp-allocator-size-main=16777216"
    "memorysetup-job-temp-allocator-block-size=2097152"
    "memorysetup-job-temp-allocator-block-size-background=1048576"
    "memorysetup-job-temp-allocator-reduction-small-platforms=262144"
    "memorysetup-allocator-temp-initial-block-size-main=262144"
    "memorysetup-allocator-temp-initial-block-size-worker=262144"
    "memorysetup-temp-allocator-size-background-worker=32768"
    "memorysetup-temp-allocator-size-job-worker=262144"
    "memorysetup-temp-allocator-size-preload-manager=33554432"
    "memorysetup-temp-allocator-size-nav-mesh-worker=65536"
    "memorysetup-temp-allocator-size-audio-worker=65536"
    "memorysetup-temp-allocator-size-cloud-worker=32768"
    "memorysetup-temp-allocator-size-gi-baking-worker=262144"
    "memorysetup-temp-allocator-size-gi-baking-worker=262144"
    "memorysetup-temp-allocator-size-gi-baking-worker=262144"
    "memorysetup-temp-allocator-size-gi-baking-worker=262144"
    "memorysetup-temp-allocator-size-gi-baking-worker=262144"
    "memorysetup-temp-allocator-size-gfx=262144"
Player connection [4772]  Target information:

Player connection [4772]  * "[IP] 192.168.100.195 [Port] 0 [Flags] 2 [Guid] 110497614 [EditorId] 110497614 [Version] 1048832 [Id] WindowsEditor(7,PcLatip) [Debug] 1 [PackageName] WindowsEditor [ProjectName] Editor" 

Player connection [4772] Host joined multi-casting on [225.0.0.222:54997]...
Player connection [4772] Host joined alternative multi-casting on [225.0.0.222:34997]...
JobSystem: Creating JobQueue using job-worker-count value 5
[Physics::Module] Initialized fallback backend.
[Physics::Module] Id: 0xdecafbad
Library Redirect Path: Library/
[Physics::Module] Selected backend.
[Physics::Module] Name: PhysX
[Physics::Module] Id: 0xf2b8ea05
[Physics::Module] SDK Version: 4.1.2
[Physics::Module] Integration Version: 1.0.0
[Physics::Module] Threading Mode: Multi-Threaded
Refreshing native plugins compatible for Editor in 219.03 ms, found 3 plugins.
Preloading 0 native plugins for Editor in 0.00 ms.
Initialize engine version: 6000.0.26f1 (ccb7c73d2c02)
[Subsystems] Discovering subsystems at path D:/6000.0.26f1/Editor/Data/Resources/UnitySubsystems
[Subsystems] Discovering subsystems at path D:/Praktek/Assets
GfxDevice: creating device client; kGfxThreadingModeNonThreaded
Direct3D:
    Version:  Direct3D 11.0 [level 11.1]
    Renderer: NVIDIA GeForce RTX 2060 (ID=0x1e89)
    Vendor:   NVIDIA
    VRAM:     5945 MB
    Driver:   32.0.15.6614
Initialize mono
Mono path[0] = 'D:/6000.0.26f1/Editor/Data/Managed'
Mono path[1] = 'D:/6000.0.26f1/Editor/Data/MonoBleedingEdge/lib/mono/unityjit-win32'
Mono config path = 'D:/6000.0.26f1/Editor/Data/MonoBleedingEdge/etc'
Using monoOptions --debugger-agent=transport=dt_socket,embedding=1,server=y,suspend=n,address=127.0.0.1:56660
Begin MonoManager ReloadAssembly
Registering precompiled unity dll's ...
Register platform support module: D:/6000.0.26f1/Editor/Data/PlaybackEngines/WebGLSupport/UnityEditor.WebGL.Extensions.dll
Register platform support module: D:/6000.0.26f1/Editor/Data/PlaybackEngines/WindowsStandaloneSupport/UnityEditor.WindowsStandalone.Extensions.dll
Register platform support module: D:/6000.0.26f1/Editor/Data/PlaybackEngines/MetroSupport/UnityEditor.UWP.Extensions.dll
Registered in 0.877957 seconds.
- Loaded All Assemblies, in 11.644 seconds
Native extension for UWP target not found
Native extension for WindowsStandalone target not found
Native extension for WebGL target not found
Mono: successfully reloaded assembly
- Finished resetting the current domain, in  0.413 seconds
Domain Reload Profiling: 12057ms
	BeginReloadAssembly (8387ms)
		ExecutionOrderSort (0ms)
		DisableScriptedObjects (0ms)
		BackupInstance (0ms)
		ReleaseScriptingObjects (0ms)
		CreateAndSetChildDomain (1ms)
	RebuildCommonClasses (653ms)
	RebuildNativeTypeToScriptingClass (14ms)
	initialDomainReloadingComplete (925ms)
	LoadAllAssembliesAndSetupDomain (1664ms)
		LoadAssemblies (8387ms)
		RebuildTransferFunctionScriptingTraits (0ms)
		AnalyzeDomain (1660ms)
			TypeCache.Refresh (1659ms)
				TypeCache.ScanAssembly (1336ms)
			BuildScriptInfoCaches (0ms)
			ResolveRequiredComponents (0ms)
	FinalizeReload (413ms)
		ReleaseScriptCaches (0ms)
		RebuildScriptCaches (0ms)
		SetupLoadedEditorAssemblies (374ms)
			LogAssemblyErrors (0ms)
			InitializePlatformSupportModulesInManaged (66ms)
			SetLoadedEditorAssemblies (5ms)
			BeforeProcessingInitializeOnLoad (7ms)
			ProcessInitializeOnLoadAttributes (211ms)
			ProcessInitializeOnLoadMethodAttributes (82ms)
			AfterProcessingInitializeOnLoad (3ms)
			EditorAssembliesLoaded (0ms)
		ExecutionOrderSort2 (0ms)
		AwakeInstancesAfterBackupRestoration (0ms)
========================================================================
Worker process is ready to serve import requests
Import Worker Mode flag is 0x00
Begin MonoManager ReloadAssembly
- Loaded All Assemblies, in  8.607 seconds
Refreshing native plugins compatible for Editor in 0.54 ms, found 3 plugins.
Native extension for UWP target not found
Native extension for WindowsStandalone target not found
Native extension for WebGL target not found
Mono: successfully reloaded assembly
- Finished resetting the current domain, in  0.979 seconds
Domain Reload Profiling: 9586ms
	BeginReloadAssembly (699ms)
		ExecutionOrderSort (0ms)
		DisableScriptedObjects (7ms)
		BackupInstance (0ms)
		ReleaseScriptingObjects (0ms)
		CreateAndSetChildDomain (33ms)
	RebuildCommonClasses (44ms)
	RebuildNativeTypeToScriptingClass (14ms)
	initialDomainReloadingComplete (35ms)
	LoadAllAssembliesAndSetupDomain (7814ms)
		LoadAssemblies (6691ms)
		RebuildTransferFunctionScriptingTraits (0ms)
		AnalyzeDomain (1250ms)
			TypeCache.Refresh (1194ms)
				TypeCache.ScanAssembly (1120ms)
			BuildScriptInfoCaches (45ms)
			ResolveRequiredComponents (8ms)
	FinalizeReload (980ms)
		ReleaseScriptCaches (0ms)
		RebuildScriptCaches (0ms)
		SetupLoadedEditorAssemblies (671ms)
			LogAssemblyErrors (0ms)
			InitializePlatformSupportModulesInManaged (18ms)
			SetLoadedEditorAssemblies (5ms)
			BeforeProcessingInitializeOnLoad (51ms)
			ProcessInitializeOnLoadAttributes (565ms)
			ProcessInitializeOnLoadMethodAttributes (28ms)
			AfterProcessingInitializeOnLoad (4ms)
			EditorAssembliesLoaded (0ms)
		ExecutionOrderSort2 (0ms)
		AwakeInstancesAfterBackupRestoration (8ms)
Launched and connected shader compiler UnityShaderCompiler.exe after 0.20 seconds
Refreshing native plugins compatible for Editor in 0.82 ms, found 3 plugins.
Preloading 0 native plugins for Editor in 0.00 ms.
Unloading 11 Unused Serialized files (Serialized files now loaded: 0)
Unloading 3500 unused Assets / (1.1 MB). Loaded Objects now: 4103.
Memory consumption went from 110.1 MB to 108.9 MB.
Total: 7.503100 ms (FindLiveObjects: 0.480200 ms CreateObjectMapping: 0.568800 ms MarkObjects: 5.109100 ms  DeleteObjects: 1.343400 ms)

========================================================================
Received Import Request.
  Time since last request: 11245.717974 seconds.
  path: Assets/building asset
  artifactKey: Guid(d8dd2a7623cf19748a4e30c3dd2aa518) Importer(815301076,1909f56bfc062723c751e8b465ee728b)
Start importing Assets/building asset using Guid(d8dd2a7623cf19748a4e30c3dd2aa518) Importer(815301076,1909f56bfc062723c751e8b465ee728b) (PreviewImporter) -> (artifact id: '733622eb56ad83ce5b777073dc2953ef') in 0.0071995 seconds
Number of updated asset objects reloaded before import = 0Number of asset objects unloaded after import = 0

========================================================================
Received Import Request.
  Time since last request: 0.020934 seconds.
  path: Assets/building asset/Barrel.fbx
  artifactKey: Guid(66a0b55cb3a50bb40adaf6dcb256f5f5) Importer(815301076,1909f56bfc062723c751e8b465ee728b)
Start importing Assets/building asset/Barrel.fbx using Guid(66a0b55cb3a50bb40adaf6dcb256f5f5) Importer(815301076,1909f56bfc062723c751e8b465ee728b) (PreviewImporter) -> (artifact id: '618468b9f90b1bdd397eb86da71dbcc9') in 0.4317316 seconds
Number of updated asset objects reloaded before import = 0Number of asset objects unloaded after import = 15

========================================================================
Received Import Request.
  Time since last request: 0.000028 seconds.
  path: Assets/building asset/Crate_02_NORM.png
  artifactKey: Guid(cb95eb240c05c9d4c8baadf38a4986e5) Importer(815301076,1909f56bfc062723c751e8b465ee728b)
Start importing Assets/building asset/Crate_02_NORM.png using Guid(cb95eb240c05c9d4c8baadf38a4986e5) Importer(815301076,1909f56bfc062723c751e8b465ee728b) (PreviewImporter) -> (artifact id: '3f8d34ce175118bcf07c97b4444b0441') in 0.0274802 seconds
Number of updated asset objects reloaded before import = 0Number of asset objects unloaded after import = 2

========================================================================
Received Import Request.
  Time since last request: 0.000028 seconds.
  path: Assets/building asset/Vent.fbx
  artifactKey: Guid(2721c6632294f92439b34976517eb272) Importer(815301076,1909f56bfc062723c751e8b465ee728b)
Start importing Assets/building asset/Vent.fbx using Guid(2721c6632294f92439b34976517eb272) Importer(815301076,1909f56bfc062723c751e8b465ee728b) (PreviewImporter) -> (artifact id: 'a32f02a94428e04dbc52167f4e9052d0') in 0.0304655 seconds
Number of updated asset objects reloaded before import = 0Number of asset objects unloaded after import = 15

========================================================================
Received Import Request.
  Time since last request: 0.000027 seconds.
  path: Assets/building asset/Lamp.fbx
  artifactKey: Guid(05e0b5accb90abf4894b4b0f9690bf73) Importer(815301076,1909f56bfc062723c751e8b465ee728b)
Start importing Assets/building asset/Lamp.fbx using Guid(05e0b5accb90abf4894b4b0f9690bf73) Importer(815301076,1909f56bfc062723c751e8b465ee728b) (PreviewImporter) -> (artifact id: 'f0975819cefac1dfeef33ef114bc6be3') in 0.0418113 seconds
Number of updated asset objects reloaded before import = 0Number of asset objects unloaded after import = 16

========================================================================
Received Import Request.
  Time since last request: 0.000021 seconds.
  path: Assets/building asset/Steps_01.fbx
  artifactKey: Guid(2a9a7a136be894343952bd32af22e04e) Importer(815301076,1909f56bfc062723c751e8b465ee728b)
Start importing Assets/building asset/Steps_01.fbx using Guid(2a9a7a136be894343952bd32af22e04e) Importer(815301076,1909f56bfc062723c751e8b465ee728b) (PreviewImporter) -> (artifact id: 'ac466b43441f4381a3bc08c07b0308e0') in 0.043036 seconds
Number of updated asset objects reloaded before import = 0Number of asset objects unloaded after import = 17

========================================================================
Received Import Request.
  Time since last request: 0.000030 seconds.
  path: Assets/building asset/Floor.fbx
  artifactKey: Guid(d22f376bc6343d1448167529712dfe9c) Importer(815301076,1909f56bfc062723c751e8b465ee728b)
Start importing Assets/building asset/Floor.fbx using Guid(d22f376bc6343d1448167529712dfe9c) Importer(815301076,1909f56bfc062723c751e8b465ee728b) (PreviewImporter) -> (artifact id: '7f9fa7bf2b7751cdda61d5f9df1235f4') in 0.0428435 seconds
Number of updated asset objects reloaded before import = 0Number of asset objects unloaded after import = 15

========================================================================
Received Import Request.
  Time since last request: 0.000020 seconds.
  path: Assets/building asset/Container_01.png
  artifactKey: Guid(021682a97b28bc54181ab676d954853d) Importer(815301076,1909f56bfc062723c751e8b465ee728b)
Start importing Assets/building asset/Container_01.png using Guid(021682a97b28bc54181ab676d954853d) Importer(815301076,1909f56bfc062723c751e8b465ee728b) (PreviewImporter) -> (artifact id: '67d82ed521b328d98d3324ea8d7723b2') in 0.0145194 seconds
Number of updated asset objects reloaded before import = 0Number of asset objects unloaded after import = 2

========================================================================
Received Import Request.
  Time since last request: 0.000018 seconds.
  path: Assets/building asset/Shelf_01_NORM.png
  artifactKey: Guid(3768a37912a79724faf82ac15351d3fd) Importer(815301076,1909f56bfc062723c751e8b465ee728b)
Start importing Assets/building asset/Shelf_01_NORM.png using Guid(3768a37912a79724faf82ac15351d3fd) Importer(815301076,1909f56bfc062723c751e8b465ee728b) (PreviewImporter) -> (artifact id: '775b4bad9326daadd096375821193146') in 0.0187473 seconds
Number of updated asset objects reloaded before import = 0Number of asset objects unloaded after import = 2

========================================================================
Received Import Request.
  Time since last request: 0.000027 seconds.
  path: Assets/building asset/Door_wall_01.png
  artifactKey: Guid(5a3e30fe8f5135a4b9b381ac509c2ac0) Importer(815301076,1909f56bfc062723c751e8b465ee728b)
Start importing Assets/building asset/Door_wall_01.png using Guid(5a3e30fe8f5135a4b9b381ac509c2ac0) Importer(815301076,1909f56bfc062723c751e8b465ee728b) (PreviewImporter) -> (artifact id: '49974d7523fd7e7d3abba7a1ff1b9f3a') in 0.0144302 seconds
Number of updated asset objects reloaded before import = 0Number of asset objects unloaded after import = 2

========================================================================
Received Import Request.
  Time since last request: 0.000031 seconds.
  path: Assets/building asset/Door_01.png
  artifactKey: Guid(6106ef7f4c6c6654b9561bd289e65927) Importer(815301076,1909f56bfc062723c751e8b465ee728b)
Start importing Assets/building asset/Door_01.png using Guid(6106ef7f4c6c6654b9561bd289e65927) Importer(815301076,1909f56bfc062723c751e8b465ee728b) (PreviewImporter) -> (artifact id: '63c6c12771f6d53272eaeaa483ffc353') in 0.0156536 seconds
Number of updated asset objects reloaded before import = 0Number of asset objects unloaded after import = 2

========================================================================
Received Import Request.
  Time since last request: 0.000020 seconds.
  path: Assets/building asset/Container_02.png
  artifactKey: Guid(d0b5cc6c64b359348a1a67c5f5781b93) Importer(815301076,1909f56bfc062723c751e8b465ee728b)
Start importing Assets/building asset/Container_02.png using Guid(d0b5cc6c64b359348a1a67c5f5781b93) Importer(815301076,1909f56bfc062723c751e8b465ee728b) (PreviewImporter) -> (artifact id: '7d7cb495e0d59b34c9aa95654afd2269') in 0.0202972 seconds
Number of updated asset objects reloaded before import = 0Number of asset objects unloaded after import = 2

========================================================================
Received Import Request.
  Time since last request: 0.000020 seconds.
  path: Assets/building asset/wall_01.png
  artifactKey: Guid(0b6cc571cfe0b5d4d880adb6c5f6c2f8) Importer(815301076,1909f56bfc062723c751e8b465ee728b)
Start importing Assets/building asset/wall_01.png using Guid(0b6cc571cfe0b5d4d880adb6c5f6c2f8) Importer(815301076,1909f56bfc062723c751e8b465ee728b) (PreviewImporter) -> (artifact id: '9f7e83705145a245519ddafac0ad8d7f') in 0.0131884 seconds
Number of updated asset objects reloaded before import = 0Number of asset objects unloaded after import = 2

========================================================================
Received Import Request.
  Time since last request: 0.000024 seconds.
  path: Assets/building asset/Crate_01_NORM.png
  artifactKey: Guid(2427812d8c2d35b4daaeff02e763ac16) Importer(815301076,1909f56bfc062723c751e8b465ee728b)
Start importing Assets/building asset/Crate_01_NORM.png using Guid(2427812d8c2d35b4daaeff02e763ac16) Importer(815301076,1909f56bfc062723c751e8b465ee728b) (PreviewImporter) -> (artifact id: '4215bca93824bf96c35bc7d5bd59965b') in 0.0139799 seconds
Number of updated asset objects reloaded before import = 0Number of asset objects unloaded after import = 2

========================================================================
Received Import Request.
  Time since last request: 0.000024 seconds.
  path: Assets/building asset/Container_01.fbx
  artifactKey: Guid(bafcc5ba54e7c204682ef51a5ed4aa42) Importer(815301076,1909f56bfc062723c751e8b465ee728b)
Start importing Assets/building asset/Container_01.fbx using Guid(bafcc5ba54e7c204682ef51a5ed4aa42) Importer(815301076,1909f56bfc062723c751e8b465ee728b) (PreviewImporter) -> (artifact id: 'c880fcbe7e27f374a2ed9d4d0699b9e1') in 0.0298034 seconds
Number of updated asset objects reloaded before import = 0Number of asset objects unloaded after import = 15

========================================================================
Received Import Request.
  Time since last request: 0.000041 seconds.
  path: Assets/building asset/Girder_01_NORM.png
  artifactKey: Guid(cb00af3a030d60e4dbe0de86aa3b3bc4) Importer(815301076,1909f56bfc062723c751e8b465ee728b)
Start importing Assets/building asset/Girder_01_NORM.png using Guid(cb00af3a030d60e4dbe0de86aa3b3bc4) Importer(815301076,1909f56bfc062723c751e8b465ee728b) (PreviewImporter) -> (artifact id: '34400bdd7009526c0d80121797b9d6d3') in 0.0151418 seconds
Number of updated asset objects reloaded before import = 0Number of asset objects unloaded after import = 2

========================================================================
Received Import Request.
  Time since last request: 0.000059 seconds.
  path: Assets/building asset/Crate_02.fbx
  artifactKey: Guid(a0870c1b975d1504cbabd3775f5a699a) Importer(815301076,1909f56bfc062723c751e8b465ee728b)
Start importing Assets/building asset/Crate_02.fbx using Guid(a0870c1b975d1504cbabd3775f5a699a) Importer(815301076,1909f56bfc062723c751e8b465ee728b) (PreviewImporter) -> (artifact id: 'bd1bfc776f849cf97cbe6a9eaf049b7a') in 0.0302672 seconds
Number of updated asset objects reloaded before import = 0Number of asset objects unloaded after import = 15

========================================================================
Received Import Request.
  Time since last request: 0.000021 seconds.
  path: Assets/building asset/floor_01.png
  artifactKey: Guid(cf8e4d10720981d40bbcb0d426106b16) Importer(815301076,1909f56bfc062723c751e8b465ee728b)
Start importing Assets/building asset/floor_01.png using Guid(cf8e4d10720981d40bbcb0d426106b16) Importer(815301076,1909f56bfc062723c751e8b465ee728b) (PreviewImporter) -> (artifact id: '4af734b3e2ac6175cdfd2ded29f8bc3a') in 0.0140629 seconds
Number of updated asset objects reloaded before import = 0Number of asset objects unloaded after import = 2

========================================================================
Received Import Request.
  Time since last request: 0.000027 seconds.
  path: Assets/building asset/Pillar_01.png
  artifactKey: Guid(f8d75f3f1b7b3b841ba6274f2910b067) Importer(815301076,1909f56bfc062723c751e8b465ee728b)
Start importing Assets/building asset/Pillar_01.png using Guid(f8d75f3f1b7b3b841ba6274f2910b067) Importer(815301076,1909f56bfc062723c751e8b465ee728b) (PreviewImporter) -> (artifact id: '4c69fcae56c8cfcff90070d6c347e536') in 0.01588 seconds
Number of updated asset objects reloaded before import = 0Number of asset objects unloaded after import = 2

========================================================================
Received Import Request.
  Time since last request: 0.000019 seconds.
  path: Assets/building asset/Barrel_01_NORM.png
  artifactKey: Guid(4bbca784f17252a43932ae4ddd5ec160) Importer(815301076,1909f56bfc062723c751e8b465ee728b)
Start importing Assets/building asset/Barrel_01_NORM.png using Guid(4bbca784f17252a43932ae4ddd5ec160) Importer(815301076,1909f56bfc062723c751e8b465ee728b) (PreviewImporter) -> (artifact id: '73fcfdb7a9c162417c6e8be72c6dbc97') in 0.0271731 seconds
Number of updated asset objects reloaded before import = 0Number of asset objects unloaded after import = 2

========================================================================
Received Import Request.
  Time since last request: 0.000021 seconds.
  path: Assets/building asset/floor_01_NORM.png
  artifactKey: Guid(f340c2a054280ee4fbbbd349cf2591ce) Importer(815301076,1909f56bfc062723c751e8b465ee728b)
Start importing Assets/building asset/floor_01_NORM.png using Guid(f340c2a054280ee4fbbbd349cf2591ce) Importer(815301076,1909f56bfc062723c751e8b465ee728b) (PreviewImporter) -> (artifact id: 'd1f43e46c93852c7c8871c2edd64e448') in 0.0146312 seconds
Number of updated asset objects reloaded before import = 0Number of asset objects unloaded after import = 2

========================================================================
Received Import Request.
  Time since last request: 0.000031 seconds.
  path: Assets/building asset/barrier_small.fbx
  artifactKey: Guid(84251ed9d6b7841458a2d7e00e93a8d8) Importer(815301076,1909f56bfc062723c751e8b465ee728b)
Start importing Assets/building asset/barrier_small.fbx using Guid(84251ed9d6b7841458a2d7e00e93a8d8) Importer(815301076,1909f56bfc062723c751e8b465ee728b) (PreviewImporter) -> (artifact id: '982313c7716a9e29a636dbd5f898f303') in 0.0292411 seconds
Number of updated asset objects reloaded before import = 0Number of asset objects unloaded after import = 15

========================================================================
Received Import Request.
  Time since last request: 0.000021 seconds.
  path: Assets/building asset/pipe_01.png
  artifactKey: Guid(1757d4fc45d77ce429df28b4dc6ea8b3) Importer(815301076,1909f56bfc062723c751e8b465ee728b)
Start importing Assets/building asset/pipe_01.png using Guid(1757d4fc45d77ce429df28b4dc6ea8b3) Importer(815301076,1909f56bfc062723c751e8b465ee728b) (PreviewImporter) -> (artifact id: '4687da0faa9f154f9addc97e34c72d42') in 0.0168511 seconds
Number of updated asset objects reloaded before import = 0Number of asset objects unloaded after import = 2

========================================================================
Received Import Request.
  Time since last request: 0.000017 seconds.
  path: Assets/building asset/Container_02.fbx
  artifactKey: Guid(92c78d6cdc5e8244eacb0b830bdc012a) Importer(815301076,1909f56bfc062723c751e8b465ee728b)
Start importing Assets/building asset/Container_02.fbx using Guid(92c78d6cdc5e8244eacb0b830bdc012a) Importer(815301076,1909f56bfc062723c751e8b465ee728b) (PreviewImporter) -> (artifact id: '69aa29de33dbfdce381a346892c4a63d') in 0.0276844 seconds
Number of updated asset objects reloaded before import = 0Number of asset objects unloaded after import = 15

========================================================================
Received Import Request.
  Time since last request: 0.000019 seconds.
  path: Assets/building asset/Window_wall.fbx
  artifactKey: Guid(fd14945773683464a8db7186d789da4c) Importer(815301076,1909f56bfc062723c751e8b465ee728b)
Start importing Assets/building asset/Window_wall.fbx using Guid(fd14945773683464a8db7186d789da4c) Importer(815301076,1909f56bfc062723c751e8b465ee728b) (PreviewImporter) -> (artifact id: '520e52102266e85bcffc304d4d6f6cfe') in 0.0365224 seconds
Number of updated asset objects reloaded before import = 0Number of asset objects unloaded after import = 16

========================================================================
Received Import Request.
  Time since last request: 0.000015 seconds.
  path: Assets/building asset/wall_02_N0RM.png
  artifactKey: Guid(8443844cff1f28c47a578c3f95eb65fd) Importer(815301076,1909f56bfc062723c751e8b465ee728b)
Start importing Assets/building asset/wall_02_N0RM.png using Guid(8443844cff1f28c47a578c3f95eb65fd) Importer(815301076,1909f56bfc062723c751e8b465ee728b) (PreviewImporter) -> (artifact id: '6c670581414b5222de82a75330cc1fc7') in 0.0127367 seconds
Number of updated asset objects reloaded before import = 0Number of asset objects unloaded after import = 2

========================================================================
Received Import Request.
  Time since last request: 0.000016 seconds.
  path: Assets/building asset/Window_wall_01_N0RM.png
  artifactKey: Guid(a04511d6e1b03f841b09d81343349e61) Importer(815301076,1909f56bfc062723c751e8b465ee728b)
Start importing Assets/building asset/Window_wall_01_N0RM.png using Guid(a04511d6e1b03f841b09d81343349e61) Importer(815301076,1909f56bfc062723c751e8b465ee728b) (PreviewImporter) -> (artifact id: '0a20d3052242526f9c7f4c8dc4af20db') in 0.0148614 seconds
Number of updated asset objects reloaded before import = 0Number of asset objects unloaded after import = 2

========================================================================
Received Import Request.
  Time since last request: 0.000028 seconds.
  path: Assets/building asset/wall_02.png
  artifactKey: Guid(ac0ff9e686e45ad4e84c642df8848ffd) Importer(815301076,1909f56bfc062723c751e8b465ee728b)
Start importing Assets/building asset/wall_02.png using Guid(ac0ff9e686e45ad4e84c642df8848ffd) Importer(815301076,1909f56bfc062723c751e8b465ee728b) (PreviewImporter) -> (artifact id: 'a7d3f92dd30b023ae726b8f17d496fa9') in 0.0145458 seconds
Number of updated asset objects reloaded before import = 0Number of asset objects unloaded after import = 2

========================================================================
Received Import Request.
  Time since last request: 0.000025 seconds.
  path: Assets/building asset/Wall_02.fbx
  artifactKey: Guid(cd399b6edec18394c90442e2654ebc61) Importer(815301076,1909f56bfc062723c751e8b465ee728b)
Start importing Assets/building asset/Wall_02.fbx using Guid(cd399b6edec18394c90442e2654ebc61) Importer(815301076,1909f56bfc062723c751e8b465ee728b) (PreviewImporter) -> (artifact id: '6d89a01a46c0acca5912b0e6b79574ba') in 0.0262046 seconds
Number of updated asset objects reloaded before import = 0Number of asset objects unloaded after import = 15

========================================================================
Received Import Request.
  Time since last request: 0.000016 seconds.
  path: Assets/building asset/Steps_01.png
  artifactKey: Guid(15a38b7a95ffaba46a829b995398bb46) Importer(815301076,1909f56bfc062723c751e8b465ee728b)
Start importing Assets/building asset/Steps_01.png using Guid(15a38b7a95ffaba46a829b995398bb46) Importer(815301076,1909f56bfc062723c751e8b465ee728b) (PreviewImporter) -> (artifact id: '20b5204928a14722257967264b668b16') in 0.0142983 seconds
Number of updated asset objects reloaded before import = 0Number of asset objects unloaded after import = 2

========================================================================
Received Import Request.
  Time since last request: 0.000017 seconds.
  path: Assets/building asset/Door_wall_01_NORM.png
  artifactKey: Guid(95ae7128d30ed0a418bf692dbf503005) Importer(815301076,1909f56bfc062723c751e8b465ee728b)
Start importing Assets/building asset/Door_wall_01_NORM.png using Guid(95ae7128d30ed0a418bf692dbf503005) Importer(815301076,1909f56bfc062723c751e8b465ee728b) (PreviewImporter) -> (artifact id: '9b3c268e8a180599ec871476edd5b28b') in 0.013162 seconds
Number of updated asset objects reloaded before import = 0Number of asset objects unloaded after import = 2

========================================================================
Received Import Request.
  Time since last request: 0.000021 seconds.
  path: Assets/building asset/Pillar 1.fbx
  artifactKey: Guid(89d232a743ca62947b17d3f252719041) Importer(815301076,1909f56bfc062723c751e8b465ee728b)
Start importing Assets/building asset/Pillar 1.fbx using Guid(89d232a743ca62947b17d3f252719041) Importer(815301076,1909f56bfc062723c751e8b465ee728b) (PreviewImporter) -> (artifact id: 'b38be6bbefbceebbc7d564c6f3de411b') in 0.0511915 seconds
Number of updated asset objects reloaded before import = 0Number of asset objects unloaded after import = 15

========================================================================
Received Import Request.
  Time since last request: 0.000028 seconds.
  path: Assets/building asset/wall_01_big.png
  artifactKey: Guid(700f1122095b3ee4fb00a98ba2aaf036) Importer(815301076,1909f56bfc062723c751e8b465ee728b)
Start importing Assets/building asset/wall_01_big.png using Guid(700f1122095b3ee4fb00a98ba2aaf036) Importer(815301076,1909f56bfc062723c751e8b465ee728b) (PreviewImporter) -> (artifact id: '12b8bf9801b8b564cb6e230d91507178') in 0.0146534 seconds
Number of updated asset objects reloaded before import = 0Number of asset objects unloaded after import = 2

========================================================================
Received Import Request.
  Time since last request: 0.000018 seconds.
  path: Assets/building asset/Door_01.fbx
  artifactKey: Guid(e46e9900aa02c8d45bff20d00563a2d2) Importer(815301076,1909f56bfc062723c751e8b465ee728b)
Start importing Assets/building asset/Door_01.fbx using Guid(e46e9900aa02c8d45bff20d00563a2d2) Importer(815301076,1909f56bfc062723c751e8b465ee728b) (PreviewImporter) -> (artifact id: '03d6e1680f43cf47d0cc68d937738959') in 0.025224 seconds
Number of updated asset objects reloaded before import = 0Number of asset objects unloaded after import = 15

========================================================================
Received Import Request.
  Time since last request: 0.000024 seconds.
  path: Assets/building asset/Barrier_01.fbx
  artifactKey: Guid(2becc3881d8189c47a8be468565ad6e8) Importer(815301076,1909f56bfc062723c751e8b465ee728b)
Start importing Assets/building asset/Barrier_01.fbx using Guid(2becc3881d8189c47a8be468565ad6e8) Importer(815301076,1909f56bfc062723c751e8b465ee728b) (PreviewImporter) -> (artifact id: '1a15f3e836e392d0db83ead64aded478') in 0.0257324 seconds
Number of updated asset objects reloaded before import = 0Number of asset objects unloaded after import = 15

========================================================================
Received Import Request.
  Time since last request: 0.000019 seconds.
  path: Assets/building asset/wall_01_big_NORM.png
  artifactKey: Guid(a959bfc5f25d2204087d6d1c4380672e) Importer(815301076,1909f56bfc062723c751e8b465ee728b)
Start importing Assets/building asset/wall_01_big_NORM.png using Guid(a959bfc5f25d2204087d6d1c4380672e) Importer(815301076,1909f56bfc062723c751e8b465ee728b) (PreviewImporter) -> (artifact id: 'd129137bd4fb47e9951ad7a42c0367e9') in 0.0157975 seconds
Number of updated asset objects reloaded before import = 0Number of asset objects unloaded after import = 2

========================================================================
Received Import Request.
  Time since last request: 0.000015 seconds.
  path: Assets/building asset/Pipe_02.fbx
  artifactKey: Guid(b676097b803869646aa924a11b431a95) Importer(815301076,1909f56bfc062723c751e8b465ee728b)
Start importing Assets/building asset/Pipe_02.fbx using Guid(b676097b803869646aa924a11b431a95) Importer(815301076,1909f56bfc062723c751e8b465ee728b) (PreviewImporter) -> (artifact id: 'fb1a18671a1812b07c12a5a5e5dc0aea') in 0.026079 seconds
Number of updated asset objects reloaded before import = 0Number of asset objects unloaded after import = 15

========================================================================
Received Import Request.
  Time since last request: 0.000020 seconds.
  path: Assets/building asset/Shelf.fbx
  artifactKey: Guid(be0b3264a2211294f9705ae53d898b31) Importer(815301076,1909f56bfc062723c751e8b465ee728b)
Start importing Assets/building asset/Shelf.fbx using Guid(be0b3264a2211294f9705ae53d898b31) Importer(815301076,1909f56bfc062723c751e8b465ee728b) (PreviewImporter) -> (artifact id: 'c5080439385bde8e99dcc743c4e97de9') in 0.0278695 seconds
Number of updated asset objects reloaded before import = 0Number of asset objects unloaded after import = 15

========================================================================
Received Import Request.
  Time since last request: 0.000019 seconds.
  path: Assets/building asset/Window_wall_01.png
  artifactKey: Guid(7bf670c982fc42f4aac50c6815b39d5e) Importer(815301076,1909f56bfc062723c751e8b465ee728b)
Start importing Assets/building asset/Window_wall_01.png using Guid(7bf670c982fc42f4aac50c6815b39d5e) Importer(815301076,1909f56bfc062723c751e8b465ee728b) (PreviewImporter) -> (artifact id: 'd7da8bdac4578d00cbf3e12583cd2550') in 0.0165149 seconds
Number of updated asset objects reloaded before import = 0Number of asset objects unloaded after import = 2

========================================================================
Received Import Request.
  Time since last request: 0.000020 seconds.
  path: Assets/building asset/Wall_01.fbx
  artifactKey: Guid(36e62177ccedd0c459748c7e027019ba) Importer(815301076,1909f56bfc062723c751e8b465ee728b)
Start importing Assets/building asset/Wall_01.fbx using Guid(36e62177ccedd0c459748c7e027019ba) Importer(815301076,1909f56bfc062723c751e8b465ee728b) (PreviewImporter) -> (artifact id: 'e8cbe417764353c6d204850e7d49b78d') in 0.0323091 seconds
Number of updated asset objects reloaded before import = 0Number of asset objects unloaded after import = 15

Editor requested this worker to shutdown with reason: Scaling down because of idle timeout
AssetImportWorker is now disconnected from the server
Process exiting
Exiting without the bug reporter. Application will terminate with return code 0